# JRE version: OpenJDK Runtime Environment (8.0_242-b01) (build 1.8.0_242-release-1644-b01)
# Java VM: OpenJDK 64-Bit Server VM (25.242-b01 mixed mode windows-amd64 compressed oops)
Heap:
 PSYoungGen      total 408576K, used 8148K [0x00000000e0000000, 0x00000000fce00000, 0x0000000100000000)
  eden space 370688K, 2% used [0x00000000e0000000,0x00000000e07f5320,0x00000000f6a00000)
  from space 37888K, 0% used [0x00000000f9680000,0x00000000f9680000,0x00000000fbb80000)
  to   space 45568K, 0% used [0x00000000f6a00000,0x00000000f6a00000,0x00000000f9680000)
 ParOldGen       total 148480K, used 66267K [0x00000000a0000000, 0x00000000a9100000, 0x00000000e0000000)
  object space 148480K, 44% used [0x00000000a0000000,0x00000000a40b6e08,0x00000000a9100000)
 Metaspace       used 92807K, capacity 96634K, committed 98560K, reserved 1134592K
  class space    used 12121K, capacity 12969K, committed 13312K, reserved 1048576K
GC Heap History (10 events):
Event: 6.455 GC heap before
{Heap before GC invocations=12 (full 3):
 PSYoungGen      total 305664K, used 20474K [0x00000000e0000000, 0x00000000f7c00000, 0x0000000100000000)
  eden space 285184K, 0% used [0x00000000e0000000,0x00000000e0000000,0x00000000f1680000)
  from space 20480K, 99% used [0x00000000f1680000,0x00000000f2a7e998,0x00000000f2a80000)
  to   space 24064K, 0% used [0x00000000f6480000,0x00000000f6480000,0x00000000f7c00000)
 ParOldGen       total 95744K, used 26556K [0x00000000a0000000, 0x00000000a5d80000, 0x00000000e0000000)
  object space 95744K, 27% used [0x00000000a0000000,0x00000000a19ef208,0x00000000a5d80000)
 Metaspace       used 56841K, capacity 59038K, committed 59136K, reserved 1099776K
  class space    used 7611K, capacity 8119K, committed 8192K, reserved 1048576K
Event: 6.590 GC heap after
Heap after GC invocations=12 (full 3):
 PSYoungGen      total 305664K, used 0K [0x00000000e0000000, 0x00000000f7c00000, 0x0000000100000000)
  eden space 285184K, 0% used [0x00000000e0000000,0x00000000e0000000,0x00000000f1680000)
  from space 20480K, 0% used [0x00000000f1680000,0x00000000f1680000,0x00000000f2a80000)
  to   space 24064K, 0% used [0x00000000f6480000,0x00000000f6480000,0x00000000f7c00000)
 ParOldGen       total 148480K, used 33412K [0x00000000a0000000, 0x00000000a9100000, 0x00000000e0000000)
  object space 148480K, 22% used [0x00000000a0000000,0x00000000a20a10a0,0x00000000a9100000)
 Metaspace       used 56771K, capacity 58830K, committed 59136K, reserved 1099776K
  class space    used 7593K, capacity 8091K, committed 8192K, reserved 1048576K
}
Event: 8.493 GC heap before
{Heap before GC invocations=13 (full 3):
 PSYoungGen      total 305664K, used 285184K [0x00000000e0000000, 0x00000000f7c00000, 0x0000000100000000)
  eden space 285184K, 100% used [0x00000000e0000000,0x00000000f1680000,0x00000000f1680000)
  from space 20480K, 0% used [0x00000000f1680000,0x00000000f1680000,0x00000000f2a80000)
  to   space 24064K, 0% used [0x00000000f6480000,0x00000000f6480000,0x00000000f7c00000)
 ParOldGen       total 148480K, used 33412K [0x00000000a0000000, 0x00000000a9100000, 0x00000000e0000000)
  object space 148480K, 22% used [0x00000000a0000000,0x00000000a20a10a0,0x00000000a9100000)
 Metaspace       used 71072K, capacity 74450K, committed 74752K, reserved 1114112K
  class space    used 9756K, capacity 10416K, committed 10496K, reserved 1048576K
Event: 8.509 GC heap after
Heap after GC invocations=13 (full 3):
 PSYoungGen      total 356864K, used 23546K [0x00000000e0000000, 0x00000000f7b80000, 0x0000000100000000)
  eden space 333312K, 0% used [0x00000000e0000000,0x00000000e0000000,0x00000000f4580000)
  from space 23552K, 99% used [0x00000000f6480000,0x00000000f7b7e9b8,0x00000000f7b80000)
  to   space 27136K, 0% used [0x00000000f4680000,0x00000000f4680000,0x00000000f6100000)
 ParOldGen       total 148480K, used 33420K [0x00000000a0000000, 0x00000000a9100000, 0x00000000e0000000)
  object space 148480K, 22% used [0x00000000a0000000,0x00000000a20a30a0,0x00000000a9100000)
 Metaspace       used 71072K, capacity 74450K, committed 74752K, reserved 1114112K
  class space    used 9756K, capacity 10416K, committed 10496K, reserved 1048576K
}
Event: 299.593 GC heap before
{Heap before GC invocations=14 (full 3):
 PSYoungGen      total 356864K, used 356858K [0x00000000e0000000, 0x00000000f7b80000, 0x0000000100000000)
  eden space 333312K, 100% used [0x00000000e0000000,0x00000000f4580000,0x00000000f4580000)
  from space 23552K, 99% used [0x00000000f6480000,0x00000000f7b7e9b8,0x00000000f7b80000)
  to   space 27136K, 0% used [0x00000000f4680000,0x00000000f4680000,0x00000000f6100000)
 ParOldGen       total 148480K, used 33420K [0x00000000a0000000, 0x00000000a9100000, 0x00000000e0000000)
  object space 148480K, 22% used [0x00000000a0000000,0x00000000a20a30a0,0x00000000a9100000)
 Metaspace       used 83018K, capacity 87406K, committed 87680K, reserved 1124352K
  class space    used 11052K, capacity 11883K, committed 11904K, reserved 1048576K
Event: 299.626 GC heap after
Heap after GC invocations=14 (full 3):
 PSYoungGen      total 361472K, used 27124K [0x00000000e0000000, 0x00000000fbb80000, 0x0000000100000000)
  eden space 334336K, 0% used [0x00000000e0000000,0x00000000e0000000,0x00000000f4680000)
  from space 27136K, 99% used [0x00000000f4680000,0x00000000f60fd280,0x00000000f6100000)
  to   space 37888K, 0% used [0x00000000f9680000,0x00000000f9680000,0x00000000fbb80000)
 ParOldGen       total 148480K, used 51274K [0x00000000a0000000, 0x00000000a9100000, 0x00000000e0000000)
  object space 148480K, 34% used [0x00000000a0000000,0x00000000a3212a60,0x00000000a9100000)
 Metaspace       used 83018K, capacity 87406K, committed 87680K, reserved 1124352K
  class space    used 11052K, capacity 11883K, committed 11904K, reserved 1048576K
}
Event: 303.129 GC heap before
{Heap before GC invocations=15 (full 3):
 PSYoungGen      total 361472K, used 262136K [0x00000000e0000000, 0x00000000fbb80000, 0x0000000100000000)
  eden space 334336K, 70% used [0x00000000e0000000,0x00000000ee5810a0,0x00000000f4680000)
  from space 27136K, 99% used [0x00000000f4680000,0x00000000f60fd280,0x00000000f6100000)
  to   space 37888K, 0% used [0x00000000f9680000,0x00000000f9680000,0x00000000fbb80000)
 ParOldGen       total 148480K, used 51274K [0x00000000a0000000, 0x00000000a9100000, 0x00000000e0000000)
  object space 148480K, 34% used [0x00000000a0000000,0x00000000a3212a60,0x00000000a9100000)
 Metaspace       used 93557K, capacity 98466K, committed 98560K, reserved 1134592K
  class space    used 12307K, capacity 13287K, committed 13312K, reserved 1048576K
Event: 303.182 GC heap after
Heap after GC invocations=15 (full 3):
 PSYoungGen      total 408576K, used 37885K [0x00000000e0000000, 0x00000000fce00000, 0x0000000100000000)
  eden space 370688K, 0% used [0x00000000e0000000,0x00000000e0000000,0x00000000f6a00000)
  from space 37888K, 99% used [0x00000000f9680000,0x00000000fbb7f638,0x00000000fbb80000)
  to   space 45568K, 0% used [0x00000000f6a00000,0x00000000f6a00000,0x00000000f9680000)
 ParOldGen       total 148480K, used 55370K [0x00000000a0000000, 0x00000000a9100000, 0x00000000e0000000)
  object space 148480K, 37% used [0x00000000a0000000,0x00000000a3612b08,0x00000000a9100000)
 Metaspace       used 93557K, capacity 98466K, committed 98560K, reserved 1134592K
  class space    used 12307K, capacity 13287K, committed 13312K, reserved 1048576K
}
Event: 303.182 GC heap before
{Heap before GC invocations=16 (full 4):
 PSYoungGen      total 408576K, used 37885K [0x00000000e0000000, 0x00000000fce00000, 0x0000000100000000)
  eden space 370688K, 0% used [0x00000000e0000000,0x00000000e0000000,0x00000000f6a00000)
  from space 37888K, 99% used [0x00000000f9680000,0x00000000fbb7f638,0x00000000fbb80000)
  to   space 45568K, 0% used [0x00000000f6a00000,0x00000000f6a00000,0x00000000f9680000)
 ParOldGen       total 148480K, used 55370K [0x00000000a0000000, 0x00000000a9100000, 0x00000000e0000000)
  object space 148480K, 37% used [0x00000000a0000000,0x00000000a3612b08,0x00000000a9100000)
 Metaspace       used 93557K, capacity 98466K, committed 98560K, reserved 1134592K
  class space    used 12307K, capacity 13287K, committed 13312K, reserved 1048576K
Event: 303.877 GC heap after
Heap after GC invocations=16 (full 4):
 PSYoungGen      total 408576K, used 0K [0x00000000e0000000, 0x00000000fce00000, 0x0000000100000000)
  eden space 370688K, 0% used [0x00000000e0000000,0x00000000e0000000,0x00000000f6a00000)
  from space 37888K, 0% used [0x00000000f9680000,0x00000000f9680000,0x00000000fbb80000)
  to   space 45568K, 0% used [0x00000000f6a00000,0x00000000f6a00000,0x00000000f9680000)
 ParOldGen       total 148480K, used 66267K [0x00000000a0000000, 0x00000000a9100000, 0x00000000e0000000)
  object space 148480K, 44% used [0x00000000a0000000,0x00000000a40b6e08,0x00000000a9100000)
 Metaspace       used 92741K, capacity 96530K, committed 98560K, reserved 1134592K
  class space    used 12104K, capacity 12925K, committed 13312K, reserved 1048576K
}

